\BOOKMARK [0][-]{section*.4}{\376\377\006\101\006\107\006\061\006\063\006\052\000\040\006\047\006\064\006\251\006\047\006\104}{}% 1
\BOOKMARK [0][-]{section*.5}{\376\377\006\101\006\107\006\061\006\063\006\052\000\040\006\054\006\057\006\047\006\110\006\104}{}% 2
\BOOKMARK [0][-]{chapter.1}{\376\377\006\105\006\102\006\057\006\105\006\107}{}% 3
\BOOKMARK [1][-]{section.1.1}{\376\377\006\052\006\071\006\105\006\314\006\061\000\040\006\110\000\040\006\106\006\257\006\107\006\057\006\047\006\061\006\314}{chapter.1}% 4
\BOOKMARK [1][-]{section.1.2}{\376\377\006\061\006\047\006\107\006\251\006\047\006\061\000\040\006\176\006\314\006\064\006\106\006\107\006\047\006\057\006\314}{chapter.1}% 5
\BOOKMARK [1][-]{section.1.3}{\376\377\006\251\006\047\006\061\006\107\006\047\006\314\000\040\006\105\006\064\006\047\006\050\006\107}{chapter.1}% 6
\BOOKMARK [0][-]{chapter.2}{\376\377\006\105\006\101\006\047\006\107\006\314\006\105\000\040\006\176\006\047\006\314\006\107\000\040\006\110\000\040\006\052\006\054\006\107\006\314\006\062\006\047\006\052\040\014}{}% 7
\BOOKMARK [1][-]{section.2.1}{\376\377\006\055\006\063\006\257\006\061}{chapter.2}% 8
\BOOKMARK [1][-]{section.2.2}{\376\377\006\257\006\061\006\107\000\040\006\047\006\106\006\052\006\107\006\047\006\314\006\314}{chapter.2}% 9
\BOOKMARK [1][-]{section.2.3}{\376\377\006\176\006\061\006\110\006\052\006\251\006\104\000\040\006\047\006\061\006\052\006\050\006\047\006\067\006\314}{chapter.2}% 10
\BOOKMARK [2][-]{subsection.2.3.1}{\376\377\006\047\006\063\006\052\006\047\006\106\006\057\006\047\006\061\006\057\000\040\006\062\006\314\006\257\006\050\006\314}{section.2.3}% 11
\BOOKMARK [2][-]{subsection.2.3.2}{\376\377\006\110\006\314\006\230\006\257\006\314\040\014\006\107\006\047\006\314\000\040\006\062\006\314\006\257\006\050\006\314}{section.2.3}% 12
\BOOKMARK [2][-]{subsection.2.3.3}{\376\377\006\057\006\063\006\052\006\107\040\014\006\050\006\106\006\057\006\314\000\040\006\057\006\063\006\052\006\257\006\047\006\107\040\014\006\107\006\047}{section.2.3}% 13
\BOOKMARK [2][-]{subsection.2.3.4}{\376\377\006\052\006\110\006\176\006\110\006\104\006\110\006\230\006\314}{section.2.3}% 14
\BOOKMARK [2][-]{subsection.2.3.5}{\376\377\006\057\006\314\006\054\006\314\000\040\006\050\006\314\006\106\040\014\006\047\006\104\006\105\006\104\006\104}{section.2.3}% 15
\BOOKMARK [2][-]{subsection.2.3.6}{\376\377\006\067\006\061\006\062\000\040\006\251\006\047\006\061\000\040\006\057\006\063\006\052\006\257\006\047\006\107\040\014\006\107\006\047\006\314\000\040\006\047\006\314\006\251\006\063\040\014\006\050\006\314}{section.2.3}% 16
\BOOKMARK [2][-]{subsection.2.3.7}{\376\377\006\047\006\061\006\052\006\050\006\047\006\067\000\040\006\063\006\061\006\314\006\047\006\104\000\040\006\105\006\047\006\230\006\110\006\104\040\014\006\107\006\047\006\314\000\040\006\047\006\314\006\251\006\063\040\014\006\050\006\314}{section.2.3}% 17
\BOOKMARK [1][-]{section.2.4}{\376\377\006\057\006\061\006\110\006\047\006\062\006\107}{chapter.2}% 18
\BOOKMARK [1][-]{section.2.5}{\376\377\006\176\006\047\006\314\006\257\006\047\006\107\000\040\006\057\006\047\006\057\006\107\040\014\006\314\000\040\006\063\006\061\006\314\000\040\006\062\006\105\006\047\006\106\006\314}{chapter.2}% 19
\BOOKMARK [1][-]{section.2.6}{\376\377\006\176\006\314\006\064\040\014\006\176\006\061\006\057\006\047\006\062\006\064}{chapter.2}% 20
\BOOKMARK [1][-]{section.2.7}{\376\377\006\050\006\061\006\106\006\047\006\105\006\107\040\014\006\314\000\040\006\052\006\055\006\052\000\040\006\110\006\050}{chapter.2}% 21
\BOOKMARK [1][-]{section.2.8}{\376\377\006\054\006\105\006\071\040\014\006\050\006\106\006\057\006\314\000\040\006\110\000\040\006\106\006\052\006\314\006\054\006\107\040\014\006\257\006\314\006\061\006\314}{chapter.2}% 22
\BOOKMARK [0][-]{appendix*.26}{\376\377\006\105\006\106\006\047\006\050\006\071\000\040\006\110\000\040\006\105\006\061\006\047\006\054\006\071}{}% 23
\BOOKMARK [0][-]{appendix*.27}{\376\377\006\176\006\314\006\110\006\063\006\052}{}% 24
\BOOKMARK [0][-]{appendix*.29}{\376\377\006\110\006\047\006\230\006\107\040\014\006\106\006\047\006\105\006\107\040\014\006\314\000\040\006\101\006\047\006\061\006\063\006\314\000\040\006\050\006\107\000\040\006\047\006\106\006\257\006\104\006\314\006\063\006\314}{}% 25
\BOOKMARK [0][-]{appendix*.30}{\376\377\006\110\006\047\006\230\006\107\040\014\006\106\006\047\006\105\006\107\040\014\006\314\000\040\006\047\006\106\006\257\006\104\006\314\006\063\006\314\000\040\006\050\006\107\000\040\006\101\006\047\006\061\006\063\006\314}{}% 26
