mktextfm PGaramond/OT
mktextfm PGaramond/OT
mktextfm PGaramond/OT
mktextfm PGaramond/BI/OT
mktextfm PGaramond/OT
mktextfm PGaramond/B/OT
mktextfm PGaramond/OT
mktextfm PGaramond/I/OT
mktextfm PGaramond/OT
mktextfm PGaramond/OT
mktextfm PGaramond
mktextfm PGaramond
mktextfm PGaramond
mktextfm PGaramond/BI
mktextfm PGaramond
mktextfm PGaramond/B
mktextfm PGaramond
mktextfm PGaramond/I
mktextfm PGaramond
mktextfm PGaramond
mktextfm PGaramond/OT
mktextfm PGaramond
mktextfm PGaramond
mktextfm PGaramond
mktextfm PGaramond
mktextfm PGaramond
mktextfm PGaramond
mktextfm PGaramond
mktextfm PGaramond/OT
mktextfm PGaramond/OT
mktextfm PGaramond/OT
mktextfm PGaramond
mktextfm PGaramond
mktextfm PGaramond
mktextfm PGaramond
mktextfm PGaramond
mktextfm PGaramond
mktextfm PGaramond
mktextfm PGaramond
mktextfm PGaramond
mktextfm PGaramond
mktextfm PGaramond
mktextfm PGaramond/OT
mktextfm PGaramond/OT
mktextfm PGaramond/OT
mktextfm PGaramond/OT
mktextfm PGaramond/OT
mktextfm PGaramond/OT
mktextfm PGaramond/OT
mktextfm PGaramond/OT
mktextfm PGaramond/OT
mktextfm PGaramond/BI/OT
mktextfm PGaramond/OT
mktextfm PGaramond/B/OT
mktextfm PGaramond/OT
mktextfm PGaramond/I/OT
mktextfm PGaramond/OT
mktextfm PGaramond/OT
mktextfm PGaramond
mktextfm PGaramond
mktextfm PGaramond
mktextfm PGaramond/BI
mktextfm PGaramond
mktextfm PGaramond/B
mktextfm PGaramond
mktextfm PGaramond/I
mktextfm PGaramond
mktextfm PGaramond
mktextfm PGaramond/OT
mktextfm PGaramond
mktextfm PGaramond
mktextfm PGaramond
mktextfm PGaramond
mktextfm PGaramond
mktextfm PGaramond
mktextfm PGaramond
mktextfm PGaramond/OT
mktextfm PGaramond/OT
mktextfm PGaramond/OT
mktextfm PGaramond
mktextfm PGaramond
mktextfm PGaramond
mktextfm PGaramond
mktextfm PGaramond
mktextfm PGaramond
mktextfm PGaramond
mktextfm PGaramond
mktextfm PGaramond
mktextfm PGaramond
mktextfm PGaramond
mktextfm PGaramond/OT
mktextfm PGaramond/OT
mktextfm PGaramond/OT
mktextfm PGaramond/OT
mktextfm PGaramond/OT
mktextfm PGaramond/OT
mktextfm PGaramond/OT
mktextfm PGaramond/OT
mktextfm PGaramond/BI/OT
mktextfm PGaramond/OT
mktextfm PGaramond/B/OT
mktextfm PGaramond/OT
mktextfm PGaramond/I/OT
mktextfm PGaramond/OT
mktextfm PGaramond/OT
mktextfm PGaramond
mktextfm PGaramond
mktextfm PGaramond
mktextfm PGaramond/BI
mktextfm PGaramond
mktextfm PGaramond/B
mktextfm PGaramond
mktextfm PGaramond/I
mktextfm PGaramond
mktextfm PGaramond
mktextfm PGaramond/OT
mktextfm PGaramond
mktextfm PGaramond
mktextfm PGaramond
mktextfm PGaramond
mktextfm PGaramond
mktextfm PGaramond
mktextfm PGaramond
mktextfm PGaramond/OT
mktextfm PGaramond/OT
mktextfm PGaramond/OT
mktextfm PGaramond
mktextfm PGaramond
mktextfm PGaramond
mktextfm PGaramond
mktextfm PGaramond
mktextfm PGaramond
mktextfm PGaramond
mktextfm PGaramond
mktextfm PGaramond
mktextfm PGaramond
mktextfm PGaramond
mktextfm PGaramond/OT
mktextfm PGaramond/OT
mktextfm PGaramond/OT
mktextfm PGaramond/OT
mktextfm PGaramond/OT
mktextfm PGaramond/OT
mktextfm PGaramond/OT
mktextfm PGaramond/OT
mktextfm PGaramond/BI/OT
mktextfm PGaramond/OT
mktextfm PGaramond/B/OT
mktextfm PGaramond/OT
mktextfm PGaramond/I/OT
mktextfm PGaramond/OT
mktextfm PGaramond/OT
mktextfm PGaramond
mktextfm PGaramond
mktextfm PGaramond
mktextfm PGaramond/BI
mktextfm PGaramond
mktextfm PGaramond/B
mktextfm PGaramond
mktextfm PGaramond/I
mktextfm PGaramond
mktextfm PGaramond
mktextfm PGaramond/OT
mktextfm PGaramond
mktextfm PGaramond
mktextfm PGaramond
mktextfm PGaramond
mktextfm PGaramond
mktextfm PGaramond
mktextfm PGaramond
mktextfm PGaramond/OT
mktextfm PGaramond/OT
mktextfm PGaramond/OT
mktextfm PGaramond
mktextfm PGaramond
mktextfm PGaramond
mktextfm PGaramond
mktextfm PGaramond
mktextfm PGaramond
mktextfm PGaramond
mktextfm PGaramond
mktextfm PGaramond
mktextfm PGaramond
mktextfm PGaramond
mktextfm PGaramond/OT
mktextfm PGaramond/OT
mktextfm PGaramond/OT
mktextfm PGaramond/OT
mktextfm PGaramond/OT
mktextfm PGaramond/OT
mktextfm PGaramond/OT
mktextfm PGaramond/OT
mktextfm PGaramond/BI/OT
mktextfm PGaramond/OT
mktextfm PGaramond/B/OT
mktextfm PGaramond/OT
mktextfm PGaramond/I/OT
mktextfm PGaramond/OT
mktextfm PGaramond/OT
mktextfm PGaramond
mktextfm PGaramond
mktextfm PGaramond
mktextfm PGaramond/BI
mktextfm PGaramond
mktextfm PGaramond/B
mktextfm PGaramond
mktextfm PGaramond/I
mktextfm PGaramond
mktextfm PGaramond
mktextfm PGaramond/OT
mktextfm PGaramond
mktextfm PGaramond
mktextfm PGaramond
mktextfm PGaramond
mktextfm PGaramond
mktextfm PGaramond
mktextfm PGaramond
mktextfm PGaramond/OT
mktextfm PGaramond/OT
mktextfm PGaramond/OT
mktextfm PGaramond
mktextfm PGaramond
mktextfm PGaramond
mktextfm PGaramond
mktextfm PGaramond
mktextfm PGaramond
mktextfm PGaramond
mktextfm PGaramond
mktextfm PGaramond
mktextfm PGaramond
mktextfm PGaramond
mktextfm PGaramond/OT
mktextfm PGaramond/OT
mktextfm PGaramond/OT
mktextfm PGaramond/OT
mktextfm PGaramond/OT
